{"/Users/sergiochamorro/Documents/cursos/software-crafters/testing-sostenible/testing-library/src/stats.ts": {"path":"/Users/sergiochamorro/Documents/cursos/software-crafters/testing-sostenible/testing-library/src/stats.ts","statementMap":{"0":{"start":{"line":1,"column":0},"end":{"line":1,"column":16}},"1":{"start":{"line":5,"column":0},"end":{"line":5,"column":16}},"2":{"start":{"line":2,"column":2},"end":{"line":2,"column":67}},"3":{"start":{"line":2,"column":47},"end":{"line":2,"column":65}},"4":{"start":{"line":6,"column":2},"end":{"line":6,"column":39}}},"fnMap":{"0":{"name":"sum","decl":{"start":{"line":1,"column":16},"end":{"line":1,"column":19}},"loc":{"start":{"line":1,"column":37},"end":{"line":3,"column":1}}},"1":{"name":"(anonymous_1)","decl":{"start":{"line":2,"column":24},"end":{"line":2,"column":25}},"loc":{"start":{"line":2,"column":47},"end":{"line":2,"column":65}}},"2":{"name":"average","decl":{"start":{"line":5,"column":16},"end":{"line":5,"column":23}},"loc":{"start":{"line":5,"column":41},"end":{"line":7,"column":1}}}},"branchMap":{},"s":{"0":2,"1":2,"2":4,"3":8,"4":2},"f":{"0":4,"1":8,"2":2},"b":{}}
,"/Users/sergiochamorro/Documents/cursos/software-crafters/testing-sostenible/testing-library/src/statsAsync.ts": {"path":"/Users/sergiochamorro/Documents/cursos/software-crafters/testing-sostenible/testing-library/src/statsAsync.ts","statementMap":{"0":{"start":{"line":3,"column":0},"end":{"line":3,"column":16}},"1":{"start":{"line":7,"column":0},"end":{"line":7,"column":16}},"2":{"start":{"line":1,"column":0},"end":{"line":1,"column":33}},"3":{"start":{"line":4,"column":2},"end":{"line":4,"column":45}},"4":{"start":{"line":8,"column":2},"end":{"line":8,"column":49}}},"fnMap":{"0":{"name":"sum","decl":{"start":{"line":3,"column":16},"end":{"line":3,"column":19}},"loc":{"start":{"line":3,"column":37},"end":{"line":5,"column":1}}},"1":{"name":"average","decl":{"start":{"line":7,"column":16},"end":{"line":7,"column":23}},"loc":{"start":{"line":7,"column":41},"end":{"line":9,"column":1}}}},"branchMap":{},"s":{"0":1,"1":1,"2":1,"3":1,"4":1},"f":{"0":1,"1":1},"b":{}}
}
